[12:39:46] [INIT] KubeJS 1902.6.2-build.45; MC 1902 forge
[12:39:46] [INIT] Loaded plugins:
[12:39:46] [INIT] - dev.latvian.mods.kubejs.forge.BuiltinKubeJSForgePlugin
[12:39:46] [INIT] - dev.ftb.mods.ftbxmodcompat.ftbquests.kubejs.KubeJSIntegration
[12:39:46] [INIT] - dev.ftb.mods.ftbxmodcompat.ftbchunks.kubejs.FTBChunksKubeJSPlugin
[12:39:46] [INIT] - dev.ftb.mods.ftbxmodcompat.ftbteams.kubejs.FTBTeamsKubeJSPlugin
[12:39:46] [INIT] - dev.ftb.mods.ftbic.kubejs.FTBICKubeJSPlugin
[12:39:46] [INIT] - com.almostreliable.ponderjs.PonderJSPlugin
[12:39:46] [INIT] - com.klikli_dev.modonomicon.integration.kubejs.ModonomiconKubeJSPlugin
[12:39:48] [INFO] Loaded script startup_scripts:botanyPots.js in 0.461 s
[12:39:48] [INFO] Loaded script startup_scripts:custom_additions.js in 0.058 s
[12:39:48] [INFO] farmingForBlockheads.js#7: Loaded Java class 'net.blay09.mods.farmingforblockheads.api.FarmingForBlockheadsAPI'
[12:39:48] [INFO] Loaded script startup_scripts:farmingForBlockheads.js in 0.044 s
[12:39:48] [INFO] mekanismStartup.js#18: Loaded Java class 'mekanism.api.chemical.slurry.Slurry'
[12:39:48] [INFO] mekanismStartup.js#19: Loaded Java class 'mekanism.api.chemical.slurry.SlurryBuilder'
[12:39:48] [INFO] Loaded script startup_scripts:mekanismStartup.js in 0.033 s
[12:39:48] [INFO] mysticalagriculture.js#1: Loaded Java class 'com.blakebr0.mysticalagriculture.api.MysticalAgricultureAPI'
[12:39:48] [INFO] Loaded script startup_scripts:mysticalagriculture.js in 0.011 s
[12:39:48] [INFO] Loaded script startup_scripts:observeMekanism.js in 0.0 s
[12:39:48] [INFO] Loaded script startup_scripts:settings.js in 0.014 s
[12:39:48] [INFO] tool_tiers.js#1: Loaded Java class 'net.minecraftforge.common.TierSortingRegistry'
[12:39:48] [INFO] tool_tiers.js#2: Loaded Java class 'net.minecraft.world.item.Tiers'
[12:39:48] [INFO] tool_tiers.js#5: Loaded Java class 'vazkii.botania.api.BotaniaAPI'
[12:39:48] [INFO] tool_tiers.js#6: Loaded Java class 'de.melanx.aiotbotania.items.ItemTiers'
[12:39:48] [INFO] tool_tiers.js#8: Loaded Java class 'appeng.items.tools.fluix.FluixToolType'
[12:39:48] [INFO] tool_tiers.js#9: Loaded Java class 'appeng.items.tools.quartz.QuartzToolType'
[12:39:48] [INFO] tool_tiers.js#11: Loaded Java class 'com.legacy.blue_skies.items.util.SkiesItemTier'
[12:39:49] [INFO] tool_tiers.js#13: Loaded Java class 'com.blakebr0.mysticalagriculture.lib.ModItemTier'
[12:39:49] [INFO] tool_tiers.js#15: Loaded Java class 'de.ellpeck.naturesaura.reg.ModItemTier'
[12:39:49] [INFO] tool_tiers.js#17: Loaded Java class 'com.klikli_dev.occultism.api.common.misc.OccultismItemTier'
[12:39:49] [INFO] tool_tiers.js#19: Loaded Java class 'me.codexadrian.spirit.items.SoulMetalMaterial'
[12:39:49] [INFO] tool_tiers.js#21: Loaded Java class 'blusunrize.immersiveengineering.api.Lib'
[12:39:49] [INFO] tool_tiers.js#23: Loaded Java class 'com.teammetallurgy.aquaculture.api.AquacultureAPI'
[12:39:49] [INFO] tool_tiers.js#27: Loaded Java class 'potionstudios.byg.common.item.BYGTier'
[12:39:49] [INFO] tool_tiers.js#29: Loaded Java class 'cofh.redstonearsenal.init.RSAItems'
[12:39:49] [INFO] Loaded script startup_scripts:tool_tiers.js in 0.129 s
[12:39:49] [INFO] Loaded script startup_scripts:worldgen.js in 0.033 s
[12:39:49] [INFO] Loaded 9/9 KubeJS startup scripts in 1.845 s
